[debug] [2024-12-18T14:24:20.657Z] ----------------------------------------------------------------------
[debug] [2024-12-18T14:24:20.658Z] Command:       /Users/timurkalbaev/.nvm/versions/node/v20.18.1/bin/node /usr/local/bin/firebase init
[debug] [2024-12-18T14:24:20.659Z] CLI Version:   13.29.1
[debug] [2024-12-18T14:24:20.659Z] Platform:      darwin
[debug] [2024-12-18T14:24:20.659Z] Node Version:  v20.18.1
[debug] [2024-12-18T14:24:20.659Z] Time:          Wed Dec 18 2024 20:24:20 GMT+0600 (Kyrgyzstan Time)
[debug] [2024-12-18T14:24:20.659Z] ----------------------------------------------------------------------
[debug] 
[debug] [2024-12-18T14:24:20.693Z] > command requires scopes: ["email","openid","https://www.googleapis.com/auth/cloudplatformprojects.readonly","https://www.googleapis.com/auth/firebase","https://www.googleapis.com/auth/cloud-platform"]
[debug] [2024-12-18T14:24:20.694Z] > authorizing via signed-in user (kalbaev_t@auca.kg)
[info] 
     ######## #### ########  ######## ########     ###     ######  ########
     ##        ##  ##     ## ##       ##     ##  ##   ##  ##       ##
     ######    ##  ########  ######   ########  #########  ######  ######
     ##        ##  ##    ##  ##       ##     ## ##     ##       ## ##
     ##       #### ##     ## ######## ########  ##     ##  ######  ########

You're about to initialize a Firebase project in this directory:

  /Users/timurkalbaev/Downloads/Final-master

Before we get started, keep in mind:

  * You are initializing within an existing Firebase project directory

[info] 
=== Project Setup
[info] 
[info] First, let's associate this project directory with a Firebase project.
[info] You can create multiple project aliases by running firebase use --add, 
[info] but for now we'll just set up a default project.
[info] 
[debug] [2024-12-18T14:24:24.766Z] Using project from CLI flag: final-react12
[debug] [2024-12-18T14:24:24.767Z] Checked if tokens are valid: true, expires at: 1734535396289
[debug] [2024-12-18T14:24:24.767Z] Checked if tokens are valid: true, expires at: 1734535396289
[debug] [2024-12-18T14:24:24.769Z] >>> [apiv2][query] GET https://firebase.googleapis.com/v1beta1/projects/final-react12 [none]
[debug] [2024-12-18T14:24:25.386Z] <<< [apiv2][status] GET https://firebase.googleapis.com/v1beta1/projects/final-react12 200
[debug] [2024-12-18T14:24:25.386Z] <<< [apiv2][body] GET https://firebase.googleapis.com/v1beta1/projects/final-react12 {"projectId":"final-react12","projectNumber":"678523074433","displayName":"final","name":"projects/final-react12","resources":{"hostingSite":"final-react12"},"state":"ACTIVE","etag":"1_e3e25da4-5678-4bdb-8726-ca12f35b2b37"}
[info] i  Using project final-react12 (final) 
[info] 
=== Hosting Setup
[debug] [2024-12-18T14:24:25.394Z] Checked if tokens are valid: true, expires at: 1734535396289
[debug] [2024-12-18T14:24:25.394Z] Checked if tokens are valid: true, expires at: 1734535396289
[debug] [2024-12-18T14:24:25.394Z] >>> [apiv2][query] GET https://firebase.googleapis.com/v1beta1/projects/final-react12 [none]
[debug] [2024-12-18T14:24:25.737Z] <<< [apiv2][status] GET https://firebase.googleapis.com/v1beta1/projects/final-react12 200
[debug] [2024-12-18T14:24:25.738Z] <<< [apiv2][body] GET https://firebase.googleapis.com/v1beta1/projects/final-react12 {"projectId":"final-react12","projectNumber":"678523074433","displayName":"final","name":"projects/final-react12","resources":{"hostingSite":"final-react12"},"state":"ACTIVE","etag":"1_e3e25da4-5678-4bdb-8726-ca12f35b2b37"}
[info] 
[info] Your public directory is the folder (relative to your project directory) that
[info] will contain Hosting assets to be uploaded with firebase deploy. If you
[info] have a build process for your assets, use your build's output directory.
[info] 
[debug] [2024-12-18T14:24:32.865Z] >>> [apiv2][query] GET https://www.gstatic.com/firebasejs/releases.json [none]
[debug] [2024-12-18T14:24:33.446Z] <<< [apiv2][status] GET https://www.gstatic.com/firebasejs/releases.json 200
[debug] [2024-12-18T14:24:33.447Z] <<< [apiv2][body] GET https://www.gstatic.com/firebasejs/releases.json {"current":{"version":"11.1.0","browserURL":"https://www.gstatic.com/firebasejs/11.1.0/firebase.js","packageURL":"https://www.gstatic.com/firebasejs/11.1.0/firebase.tgz"},"live":{"version":"11.1","browserURL":"https://www.gstatic.com/firebasejs/live/11.1/firebase.js","packageURL":"https://www.gstatic.com/firebasejs/live/11.1/firebase.tgz"},"components":{"analytics":"https://www.gstatic.com/firebasejs/11.1.0/firebase-analytics.js","app":"https://www.gstatic.com/firebasejs/11.1.0/firebase-app.js","app-check":"https://www.gstatic.com/firebasejs/11.1.0/firebase-app-check.js","auth":"https://www.gstatic.com/firebasejs/11.1.0/firebase-auth.js","auth/cordova":"https://www.gstatic.com/firebasejs/11.1.0/firebase-auth/cordova.js","auth/web-extension":"https://www.gstatic.com/firebasejs/11.1.0/firebase-auth/web-extension.js","functions":"https://www.gstatic.com/firebasejs/11.1.0/firebase-functions.js","firestore":"https://www.gstatic.com/firebasejs/11.1.0/firebase-firestore.js","firestore/lite":"https://www.gstatic.com/firebasejs/11.1.0/firebase-firestore/lite.js","installations":"https://www.gstatic.com/firebasejs/11.1.0/firebase-installations.js","storage":"https://www.gstatic.com/firebasejs/11.1.0/firebase-storage.js","performance":"https://www.gstatic.com/firebasejs/11.1.0/firebase-performance.js","remote-config":"https://www.gstatic.com/firebasejs/11.1.0/firebase-remote-config.js","messaging":"https://www.gstatic.com/firebasejs/11.1.0/firebase-messaging.js","messaging/sw":"https://www.gstatic.com/firebasejs/11.1.0/firebase-messaging/sw.js","database":"https://www.gstatic.com/firebasejs/11.1.0/firebase-database.js","vertexai":"https://www.gstatic.com/firebasejs/11.1.0/firebase-vertexai.js","data-connect":"https://www.gstatic.com/firebasejs/11.1.0/firebase-data-connect.js","firestore.memory":"https://www.gstatic.com/firebasejs/11.1.0/firebase-firestore.memory.js"}}
[info] ✔  Wrote build/index.html 
[info] 
[info] i  Didn't detect a .git folder. Assuming /Users/timurkalbaev/Downloads/Final-master is the project root. 
[info] i  Authorizing with GitHub to upload your service account to a GitHub repository's secrets store. 
[info] 
[info] Visit this URL on this device to log in:
[info] https://github.com/login/oauth/authorize?client_id=89cf50f02ac6aaed3484&state=868513782&redirect_uri=http%3A%2F%2Flocalhost%3A9005&scope=read%3Auser%20repo%20public_repo
[info] 
[info] Waiting for authentication...
[debug] [2024-12-18T14:24:34.502Z] >>> [apiv2][query] POST https://github.com/login/oauth/access_token [none]
[debug] [2024-12-18T14:24:34.503Z] >>> [apiv2][body] POST https://github.com/login/oauth/access_token [stream]
[debug] [2024-12-18T14:24:34.942Z] <<< [apiv2][status] POST https://github.com/login/oauth/access_token 200
[debug] [2024-12-18T14:24:34.942Z] <<< [apiv2][body] POST https://github.com/login/oauth/access_token {"access_token":"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","token_type":"bearer","scope":"read:user,repo"}
[debug] [2024-12-18T14:24:34.949Z] >>> [apiv2][query] GET https://api.github.com/user [none]
[debug] [2024-12-18T14:24:35.526Z] <<< [apiv2][status] GET https://api.github.com/user 200
[debug] [2024-12-18T14:24:35.527Z] <<< [apiv2][body] GET https://api.github.com/user {"login":"Ogurchick-fim","id":79390159,"node_id":"MDQ6VXNlcjc5MzkwMTU5","avatar_url":"https://avatars.githubusercontent.com/u/79390159?v=4","gravatar_id":"","url":"https://api.github.com/users/Ogurchick-fim","html_url":"https://github.com/Ogurchick-fim","followers_url":"https://api.github.com/users/Ogurchick-fim/followers","following_url":"https://api.github.com/users/Ogurchick-fim/following{/other_user}","gists_url":"https://api.github.com/users/Ogurchick-fim/gists{/gist_id}","starred_url":"https://api.github.com/users/Ogurchick-fim/starred{/owner}{/repo}","subscriptions_url":"https://api.github.com/users/Ogurchick-fim/subscriptions","organizations_url":"https://api.github.com/users/Ogurchick-fim/orgs","repos_url":"https://api.github.com/users/Ogurchick-fim/repos","events_url":"https://api.github.com/users/Ogurchick-fim/events{/privacy}","received_events_url":"https://api.github.com/users/Ogurchick-fim/received_events","type":"User","user_view_type":"private","site_admin":false,"name":"ogurez","company":null,"blog":"","location":null,"email":null,"hireable":null,"bio":null,"twitter_username":null,"notification_email":null,"public_repos":13,"public_gists":0,"followers":0,"following":1,"created_at":"2021-02-21T03:48:24Z","updated_at":"2024-12-16T09:13:14Z","private_gists":0,"total_private_repos":2,"owned_private_repos":2,"disk_usage":11145,"collaborators":0,"two_factor_authentication":false,"plan":{"name":"free","space":976562499,"collaborators":0,"private_repos":10000}}
[info] 
[info] ✔  Success! Logged into GitHub as Ogurchick-fim 
[info] 
